<?xml version="1.0" encoding="UTF-8"?>
<!-- Generated by org.testng.reporters.JUnitReportReporter -->
<testsuite skipped="0" hostname="L-156053666" name="TestRunner.TC01_Login" tests="1" failures="0" timestamp="06 May 2018 23:53:03 GMT" time="7.201" errors="0">
  <testcase name="feature" time="7.201" classname="TestRunner.TC01_Login"/>
</testsuite> <!-- TestRunner.TC01_Login -->
