<?xml version="1.0" encoding="UTF-8"?>
<!-- Generated by org.testng.reporters.JUnitReportReporter -->
<testsuite skipped="0" hostname="Avins-MBP.fios-router.home" name="TestRunner.TC02_login" tests="1" failures="0" timestamp="12 May 2018 22:47:26 GMT" time="3.697" errors="0">
  <testcase name="feature" time="3.697" classname="TestRunner.TC02_login"/>
</testsuite> <!-- TestRunner.TC02_login -->
